<?xml version="1.0" encoding="UTF-8"?>
<testsuite xmlns:xsi="http://www.w3.org/2001/XMLSchema-instance" xsi:noNamespaceSchemaLocation="https://maven.apache.org/surefire/maven-surefire-plugin/xsd/surefire-test-report.xsd" name="org.springboot.blog.project.oauth2.AppTest" time="0.022" tests="1" errors="0" skipped="0" failures="0">
  <properties>
    <property name="sun.desktop" value="windows"/>
    <property name="awt.toolkit" value="sun.awt.windows.WToolkit"/>
    <property name="file.encoding.pkg" value="sun.io"/>
    <property name="java.specification.version" value="1.8"/>
    <property name="sun.cpu.isalist" value="amd64"/>
    <property name="sun.jnu.encoding" value="GBK"/>
    <property name="java.class.path" value="C:\java\LearningCode\springboot-blog-project-master\springboot-blog-project-oauth2\target\test-classes;C:\java\LearningCode\springboot-blog-project-master\springboot-blog-project-oauth2\target\classes;C:\java\DevelopTools\mavenrepo\repo\junit\junit\4.12\junit-4.12.jar;C:\java\DevelopTools\mavenrepo\repo\org\hamcrest\hamcrest-core\1.3\hamcrest-core-1.3.jar;C:\java\DevelopTools\mavenrepo\repo\org\springframework\boot\spring-boot-starter-web\2.0.1.RELEASE\spring-boot-starter-web-2.0.1.RELEASE.jar;C:\java\DevelopTools\mavenrepo\repo\org\springframework\boot\spring-boot-starter\2.0.1.RELEASE\spring-boot-starter-2.0.1.RELEASE.jar;C:\java\DevelopTools\mavenrepo\repo\org\springframework\boot\spring-boot\2.0.1.RELEASE\spring-boot-2.0.1.RELEASE.jar;C:\java\DevelopTools\mavenrepo\repo\org\springframework\boot\spring-boot-autoconfigure\2.0.1.RELEASE\spring-boot-autoconfigure-2.0.1.RELEASE.jar;C:\java\DevelopTools\mavenrepo\repo\org\springframework\boot\spring-boot-starter-logging\2.0.1.RELEASE\spring-boot-starter-logging-2.0.1.RELEASE.jar;C:\java\DevelopTools\mavenrepo\repo\ch\qos\logback\logback-classic\1.2.3\logback-classic-1.2.3.jar;C:\java\DevelopTools\mavenrepo\repo\ch\qos\logback\logback-core\1.2.3\logback-core-1.2.3.jar;C:\java\DevelopTools\mavenrepo\repo\org\apache\logging\log4j\log4j-to-slf4j\2.10.0\log4j-to-slf4j-2.10.0.jar;C:\java\DevelopTools\mavenrepo\repo\org\apache\logging\log4j\log4j-api\2.10.0\log4j-api-2.10.0.jar;C:\java\DevelopTools\mavenrepo\repo\org\slf4j\jul-to-slf4j\1.7.25\jul-to-slf4j-1.7.25.jar;C:\java\DevelopTools\mavenrepo\repo\javax\annotation\javax.annotation-api\1.3.2\javax.annotation-api-1.3.2.jar;C:\java\DevelopTools\mavenrepo\repo\org\yaml\snakeyaml\1.19\snakeyaml-1.19.jar;C:\java\DevelopTools\mavenrepo\repo\org\springframework\boot\spring-boot-starter-json\2.0.1.RELEASE\spring-boot-starter-json-2.0.1.RELEASE.jar;C:\java\DevelopTools\mavenrepo\repo\com\fasterxml\jackson\core\jackson-databind\2.9.5\jackson-databind-2.9.5.jar;C:\java\DevelopTools\mavenrepo\repo\com\fasterxml\jackson\core\jackson-core\2.9.5\jackson-core-2.9.5.jar;C:\java\DevelopTools\mavenrepo\repo\com\fasterxml\jackson\datatype\jackson-datatype-jdk8\2.9.5\jackson-datatype-jdk8-2.9.5.jar;C:\java\DevelopTools\mavenrepo\repo\com\fasterxml\jackson\datatype\jackson-datatype-jsr310\2.9.5\jackson-datatype-jsr310-2.9.5.jar;C:\java\DevelopTools\mavenrepo\repo\com\fasterxml\jackson\module\jackson-module-parameter-names\2.9.5\jackson-module-parameter-names-2.9.5.jar;C:\java\DevelopTools\mavenrepo\repo\org\springframework\boot\spring-boot-starter-tomcat\2.0.1.RELEASE\spring-boot-starter-tomcat-2.0.1.RELEASE.jar;C:\java\DevelopTools\mavenrepo\repo\org\apache\tomcat\embed\tomcat-embed-core\8.5.29\tomcat-embed-core-8.5.29.jar;C:\java\DevelopTools\mavenrepo\repo\org\apache\tomcat\embed\tomcat-embed-el\8.5.29\tomcat-embed-el-8.5.29.jar;C:\java\DevelopTools\mavenrepo\repo\org\apache\tomcat\embed\tomcat-embed-websocket\8.5.29\tomcat-embed-websocket-8.5.29.jar;C:\java\DevelopTools\mavenrepo\repo\org\hibernate\validator\hibernate-validator\6.0.9.Final\hibernate-validator-6.0.9.Final.jar;C:\java\DevelopTools\mavenrepo\repo\javax\validation\validation-api\2.0.1.Final\validation-api-2.0.1.Final.jar;C:\java\DevelopTools\mavenrepo\repo\org\jboss\logging\jboss-logging\3.3.2.Final\jboss-logging-3.3.2.Final.jar;C:\java\DevelopTools\mavenrepo\repo\com\fasterxml\classmate\1.3.4\classmate-1.3.4.jar;C:\java\DevelopTools\mavenrepo\repo\org\springframework\spring-web\5.0.5.RELEASE\spring-web-5.0.5.RELEASE.jar;C:\java\DevelopTools\mavenrepo\repo\org\springframework\spring-beans\5.0.5.RELEASE\spring-beans-5.0.5.RELEASE.jar;C:\java\DevelopTools\mavenrepo\repo\org\springframework\spring-webmvc\5.0.5.RELEASE\spring-webmvc-5.0.5.RELEASE.jar;C:\java\DevelopTools\mavenrepo\repo\org\springframework\spring-aop\5.0.5.RELEASE\spring-aop-5.0.5.RELEASE.jar;C:\java\DevelopTools\mavenrepo\repo\org\springframework\spring-context\5.0.5.RELEASE\spring-context-5.0.5.RELEASE.jar;C:\java\DevelopTools\mavenrepo\repo\org\springframework\spring-expression\5.0.5.RELEASE\spring-expression-5.0.5.RELEASE.jar;C:\java\DevelopTools\mavenrepo\repo\org\springframework\boot\spring-boot-starter-test\2.0.1.RELEASE\spring-boot-starter-test-2.0.1.RELEASE.jar;C:\java\DevelopTools\mavenrepo\repo\org\springframework\boot\spring-boot-test\2.0.1.RELEASE\spring-boot-test-2.0.1.RELEASE.jar;C:\java\DevelopTools\mavenrepo\repo\org\springframework\boot\spring-boot-test-autoconfigure\2.0.1.RELEASE\spring-boot-test-autoconfigure-2.0.1.RELEASE.jar;C:\java\DevelopTools\mavenrepo\repo\com\jayway\jsonpath\json-path\2.4.0\json-path-2.4.0.jar;C:\java\DevelopTools\mavenrepo\repo\net\minidev\json-smart\2.3\json-smart-2.3.jar;C:\java\DevelopTools\mavenrepo\repo\net\minidev\accessors-smart\1.2\accessors-smart-1.2.jar;C:\java\DevelopTools\mavenrepo\repo\org\ow2\asm\asm\5.0.4\asm-5.0.4.jar;C:\java\DevelopTools\mavenrepo\repo\org\slf4j\slf4j-api\1.7.25\slf4j-api-1.7.25.jar;C:\java\DevelopTools\mavenrepo\repo\org\assertj\assertj-core\3.9.1\assertj-core-3.9.1.jar;C:\java\DevelopTools\mavenrepo\repo\org\mockito\mockito-core\2.15.0\mockito-core-2.15.0.jar;C:\java\DevelopTools\mavenrepo\repo\net\bytebuddy\byte-buddy\1.7.11\byte-buddy-1.7.11.jar;C:\java\DevelopTools\mavenrepo\repo\net\bytebuddy\byte-buddy-agent\1.7.11\byte-buddy-agent-1.7.11.jar;C:\java\DevelopTools\mavenrepo\repo\org\objenesis\objenesis\2.6\objenesis-2.6.jar;C:\java\DevelopTools\mavenrepo\repo\org\hamcrest\hamcrest-library\1.3\hamcrest-library-1.3.jar;C:\java\DevelopTools\mavenrepo\repo\org\skyscreamer\jsonassert\1.5.0\jsonassert-1.5.0.jar;C:\java\DevelopTools\mavenrepo\repo\com\vaadin\external\google\android-json\0.0.20131108.vaadin1\android-json-0.0.20131108.vaadin1.jar;C:\java\DevelopTools\mavenrepo\repo\org\springframework\spring-core\5.0.5.RELEASE\spring-core-5.0.5.RELEASE.jar;C:\java\DevelopTools\mavenrepo\repo\org\springframework\spring-jcl\5.0.5.RELEASE\spring-jcl-5.0.5.RELEASE.jar;C:\java\DevelopTools\mavenrepo\repo\org\springframework\spring-test\5.0.5.RELEASE\spring-test-5.0.5.RELEASE.jar;C:\java\DevelopTools\mavenrepo\repo\org\xmlunit\xmlunit-core\2.5.1\xmlunit-core-2.5.1.jar;C:\java\DevelopTools\mavenrepo\repo\org\springframework\cloud\spring-cloud-starter-oauth2\2.0.1.RELEASE\spring-cloud-starter-oauth2-2.0.1.RELEASE.jar;C:\java\DevelopTools\mavenrepo\repo\org\springframework\cloud\spring-cloud-starter-security\2.0.1.RELEASE\spring-cloud-starter-security-2.0.1.RELEASE.jar;C:\java\DevelopTools\mavenrepo\repo\org\springframework\cloud\spring-cloud-starter\2.0.2.RELEASE\spring-cloud-starter-2.0.2.RELEASE.jar;C:\java\DevelopTools\mavenrepo\repo\org\springframework\cloud\spring-cloud-context\2.0.2.RELEASE\spring-cloud-context-2.0.2.RELEASE.jar;C:\java\DevelopTools\mavenrepo\repo\org\springframework\security\spring-security-crypto\5.0.4.RELEASE\spring-security-crypto-5.0.4.RELEASE.jar;C:\java\DevelopTools\mavenrepo\repo\org\springframework\cloud\spring-cloud-commons\2.0.2.RELEASE\spring-cloud-commons-2.0.2.RELEASE.jar;C:\java\DevelopTools\mavenrepo\repo\org\springframework\security\spring-security-rsa\1.0.7.RELEASE\spring-security-rsa-1.0.7.RELEASE.jar;C:\java\DevelopTools\mavenrepo\repo\org\springframework\boot\spring-boot-starter-actuator\2.0.1.RELEASE\spring-boot-starter-actuator-2.0.1.RELEASE.jar;C:\java\DevelopTools\mavenrepo\repo\org\springframework\boot\spring-boot-actuator-autoconfigure\2.0.1.RELEASE\spring-boot-actuator-autoconfigure-2.0.1.RELEASE.jar;C:\java\DevelopTools\mavenrepo\repo\org\springframework\boot\spring-boot-actuator\2.0.1.RELEASE\spring-boot-actuator-2.0.1.RELEASE.jar;C:\java\DevelopTools\mavenrepo\repo\io\micrometer\micrometer-core\1.0.3\micrometer-core-1.0.3.jar;C:\java\DevelopTools\mavenrepo\repo\org\hdrhistogram\HdrHistogram\2.1.10\HdrHistogram-2.1.10.jar;C:\java\DevelopTools\mavenrepo\repo\org\latencyutils\LatencyUtils\2.0.3\LatencyUtils-2.0.3.jar;C:\java\DevelopTools\mavenrepo\repo\org\springframework\cloud\spring-cloud-security\2.0.1.RELEASE\spring-cloud-security-2.0.1.RELEASE.jar;C:\java\DevelopTools\mavenrepo\repo\org\springframework\boot\spring-boot-starter-security\2.0.1.RELEASE\spring-boot-starter-security-2.0.1.RELEASE.jar;C:\java\DevelopTools\mavenrepo\repo\org\springframework\security\oauth\boot\spring-security-oauth2-autoconfigure\2.0.1.RELEASE\spring-security-oauth2-autoconfigure-2.0.1.RELEASE.jar;C:\java\DevelopTools\mavenrepo\repo\com\fasterxml\jackson\core\jackson-annotations\2.9.0\jackson-annotations-2.9.0.jar;C:\java\DevelopTools\mavenrepo\repo\org\springframework\security\oauth\spring-security-oauth2\2.2.1.RELEASE\spring-security-oauth2-2.2.1.RELEASE.jar;C:\java\DevelopTools\mavenrepo\repo\org\springframework\security\spring-security-core\5.0.4.RELEASE\spring-security-core-5.0.4.RELEASE.jar;C:\java\DevelopTools\mavenrepo\repo\org\springframework\security\spring-security-config\5.0.4.RELEASE\spring-security-config-5.0.4.RELEASE.jar;C:\java\DevelopTools\mavenrepo\repo\org\springframework\security\spring-security-web\5.0.4.RELEASE\spring-security-web-5.0.4.RELEASE.jar;C:\java\DevelopTools\mavenrepo\repo\commons-codec\commons-codec\1.11\commons-codec-1.11.jar;C:\java\DevelopTools\mavenrepo\repo\org\codehaus\jackson\jackson-mapper-asl\1.9.13\jackson-mapper-asl-1.9.13.jar;C:\java\DevelopTools\mavenrepo\repo\org\codehaus\jackson\jackson-core-asl\1.9.13\jackson-core-asl-1.9.13.jar;C:\java\DevelopTools\mavenrepo\repo\org\springframework\security\spring-security-jwt\1.0.9.RELEASE\spring-security-jwt-1.0.9.RELEASE.jar;C:\java\DevelopTools\mavenrepo\repo\org\bouncycastle\bcpkix-jdk15on\1.56\bcpkix-jdk15on-1.56.jar;C:\java\DevelopTools\mavenrepo\repo\org\bouncycastle\bcprov-jdk15on\1.56\bcprov-jdk15on-1.56.jar;C:\java\DevelopTools\mavenrepo\repo\com\alibaba\druid\1.1.10\druid-1.1.10.jar;C:\java\DevelopTools\mavenrepo\repo\org\springframework\boot\spring-boot-starter-jdbc\2.0.1.RELEASE\spring-boot-starter-jdbc-2.0.1.RELEASE.jar;C:\java\DevelopTools\mavenrepo\repo\com\zaxxer\HikariCP\2.7.8\HikariCP-2.7.8.jar;C:\java\DevelopTools\mavenrepo\repo\org\springframework\spring-jdbc\5.0.5.RELEASE\spring-jdbc-5.0.5.RELEASE.jar;C:\java\DevelopTools\mavenrepo\repo\org\springframework\spring-tx\5.0.5.RELEASE\spring-tx-5.0.5.RELEASE.jar;C:\java\DevelopTools\mavenrepo\repo\mysql\mysql-connector-java\5.1.46\mysql-connector-java-5.1.46.jar;C:\java\DevelopTools\mavenrepo\repo\org\springframework\boot\spring-boot-configuration-processor\2.0.1.RELEASE\spring-boot-configuration-processor-2.0.1.RELEASE.jar;"/>
    <property name="java.vm.vendor" value="Oracle Corporation"/>
    <property name="sun.arch.data.model" value="64"/>
    <property name="user.variant" value=""/>
    <property name="java.vendor.url" value="http://java.oracle.com/"/>
    <property name="user.timezone" value=""/>
    <property name="java.vm.specification.version" value="1.8"/>
    <property name="os.name" value="Windows 10"/>
    <property name="user.country" value="CN"/>
    <property name="sun.java.launcher" value="SUN_STANDARD"/>
    <property name="sun.boot.library.path" value="C:\Program Files\Java\jdk1.8.0_191\jre\bin"/>
    <property name="sun.java.command" value="C:\Users\zK1ys\AppData\Local\Temp\surefire1976250943682076478\surefirebooter5628998716769640413.jar C:\Users\zK1ys\AppData\Local\Temp\surefire1976250943682076478 2019-07-02T18-00-41_522-jvmRun1 surefire4190333196682528917tmp surefire_07204981004763915473tmp"/>
    <property name="surefire.test.class.path" value="C:\java\LearningCode\springboot-blog-project-master\springboot-blog-project-oauth2\target\test-classes;C:\java\LearningCode\springboot-blog-project-master\springboot-blog-project-oauth2\target\classes;C:\java\DevelopTools\mavenrepo\repo\junit\junit\4.12\junit-4.12.jar;C:\java\DevelopTools\mavenrepo\repo\org\hamcrest\hamcrest-core\1.3\hamcrest-core-1.3.jar;C:\java\DevelopTools\mavenrepo\repo\org\springframework\boot\spring-boot-starter-web\2.0.1.RELEASE\spring-boot-starter-web-2.0.1.RELEASE.jar;C:\java\DevelopTools\mavenrepo\repo\org\springframework\boot\spring-boot-starter\2.0.1.RELEASE\spring-boot-starter-2.0.1.RELEASE.jar;C:\java\DevelopTools\mavenrepo\repo\org\springframework\boot\spring-boot\2.0.1.RELEASE\spring-boot-2.0.1.RELEASE.jar;C:\java\DevelopTools\mavenrepo\repo\org\springframework\boot\spring-boot-autoconfigure\2.0.1.RELEASE\spring-boot-autoconfigure-2.0.1.RELEASE.jar;C:\java\DevelopTools\mavenrepo\repo\org\springframework\boot\spring-boot-starter-logging\2.0.1.RELEASE\spring-boot-starter-logging-2.0.1.RELEASE.jar;C:\java\DevelopTools\mavenrepo\repo\ch\qos\logback\logback-classic\1.2.3\logback-classic-1.2.3.jar;C:\java\DevelopTools\mavenrepo\repo\ch\qos\logback\logback-core\1.2.3\logback-core-1.2.3.jar;C:\java\DevelopTools\mavenrepo\repo\org\apache\logging\log4j\log4j-to-slf4j\2.10.0\log4j-to-slf4j-2.10.0.jar;C:\java\DevelopTools\mavenrepo\repo\org\apache\logging\log4j\log4j-api\2.10.0\log4j-api-2.10.0.jar;C:\java\DevelopTools\mavenrepo\repo\org\slf4j\jul-to-slf4j\1.7.25\jul-to-slf4j-1.7.25.jar;C:\java\DevelopTools\mavenrepo\repo\javax\annotation\javax.annotation-api\1.3.2\javax.annotation-api-1.3.2.jar;C:\java\DevelopTools\mavenrepo\repo\org\yaml\snakeyaml\1.19\snakeyaml-1.19.jar;C:\java\DevelopTools\mavenrepo\repo\org\springframework\boot\spring-boot-starter-json\2.0.1.RELEASE\spring-boot-starter-json-2.0.1.RELEASE.jar;C:\java\DevelopTools\mavenrepo\repo\com\fasterxml\jackson\core\jackson-databind\2.9.5\jackson-databind-2.9.5.jar;C:\java\DevelopTools\mavenrepo\repo\com\fasterxml\jackson\core\jackson-core\2.9.5\jackson-core-2.9.5.jar;C:\java\DevelopTools\mavenrepo\repo\com\fasterxml\jackson\datatype\jackson-datatype-jdk8\2.9.5\jackson-datatype-jdk8-2.9.5.jar;C:\java\DevelopTools\mavenrepo\repo\com\fasterxml\jackson\datatype\jackson-datatype-jsr310\2.9.5\jackson-datatype-jsr310-2.9.5.jar;C:\java\DevelopTools\mavenrepo\repo\com\fasterxml\jackson\module\jackson-module-parameter-names\2.9.5\jackson-module-parameter-names-2.9.5.jar;C:\java\DevelopTools\mavenrepo\repo\org\springframework\boot\spring-boot-starter-tomcat\2.0.1.RELEASE\spring-boot-starter-tomcat-2.0.1.RELEASE.jar;C:\java\DevelopTools\mavenrepo\repo\org\apache\tomcat\embed\tomcat-embed-core\8.5.29\tomcat-embed-core-8.5.29.jar;C:\java\DevelopTools\mavenrepo\repo\org\apache\tomcat\embed\tomcat-embed-el\8.5.29\tomcat-embed-el-8.5.29.jar;C:\java\DevelopTools\mavenrepo\repo\org\apache\tomcat\embed\tomcat-embed-websocket\8.5.29\tomcat-embed-websocket-8.5.29.jar;C:\java\DevelopTools\mavenrepo\repo\org\hibernate\validator\hibernate-validator\6.0.9.Final\hibernate-validator-6.0.9.Final.jar;C:\java\DevelopTools\mavenrepo\repo\javax\validation\validation-api\2.0.1.Final\validation-api-2.0.1.Final.jar;C:\java\DevelopTools\mavenrepo\repo\org\jboss\logging\jboss-logging\3.3.2.Final\jboss-logging-3.3.2.Final.jar;C:\java\DevelopTools\mavenrepo\repo\com\fasterxml\classmate\1.3.4\classmate-1.3.4.jar;C:\java\DevelopTools\mavenrepo\repo\org\springframework\spring-web\5.0.5.RELEASE\spring-web-5.0.5.RELEASE.jar;C:\java\DevelopTools\mavenrepo\repo\org\springframework\spring-beans\5.0.5.RELEASE\spring-beans-5.0.5.RELEASE.jar;C:\java\DevelopTools\mavenrepo\repo\org\springframework\spring-webmvc\5.0.5.RELEASE\spring-webmvc-5.0.5.RELEASE.jar;C:\java\DevelopTools\mavenrepo\repo\org\springframework\spring-aop\5.0.5.RELEASE\spring-aop-5.0.5.RELEASE.jar;C:\java\DevelopTools\mavenrepo\repo\org\springframework\spring-context\5.0.5.RELEASE\spring-context-5.0.5.RELEASE.jar;C:\java\DevelopTools\mavenrepo\repo\org\springframework\spring-expression\5.0.5.RELEASE\spring-expression-5.0.5.RELEASE.jar;C:\java\DevelopTools\mavenrepo\repo\org\springframework\boot\spring-boot-starter-test\2.0.1.RELEASE\spring-boot-starter-test-2.0.1.RELEASE.jar;C:\java\DevelopTools\mavenrepo\repo\org\springframework\boot\spring-boot-test\2.0.1.RELEASE\spring-boot-test-2.0.1.RELEASE.jar;C:\java\DevelopTools\mavenrepo\repo\org\springframework\boot\spring-boot-test-autoconfigure\2.0.1.RELEASE\spring-boot-test-autoconfigure-2.0.1.RELEASE.jar;C:\java\DevelopTools\mavenrepo\repo\com\jayway\jsonpath\json-path\2.4.0\json-path-2.4.0.jar;C:\java\DevelopTools\mavenrepo\repo\net\minidev\json-smart\2.3\json-smart-2.3.jar;C:\java\DevelopTools\mavenrepo\repo\net\minidev\accessors-smart\1.2\accessors-smart-1.2.jar;C:\java\DevelopTools\mavenrepo\repo\org\ow2\asm\asm\5.0.4\asm-5.0.4.jar;C:\java\DevelopTools\mavenrepo\repo\org\slf4j\slf4j-api\1.7.25\slf4j-api-1.7.25.jar;C:\java\DevelopTools\mavenrepo\repo\org\assertj\assertj-core\3.9.1\assertj-core-3.9.1.jar;C:\java\DevelopTools\mavenrepo\repo\org\mockito\mockito-core\2.15.0\mockito-core-2.15.0.jar;C:\java\DevelopTools\mavenrepo\repo\net\bytebuddy\byte-buddy\1.7.11\byte-buddy-1.7.11.jar;C:\java\DevelopTools\mavenrepo\repo\net\bytebuddy\byte-buddy-agent\1.7.11\byte-buddy-agent-1.7.11.jar;C:\java\DevelopTools\mavenrepo\repo\org\objenesis\objenesis\2.6\objenesis-2.6.jar;C:\java\DevelopTools\mavenrepo\repo\org\hamcrest\hamcrest-library\1.3\hamcrest-library-1.3.jar;C:\java\DevelopTools\mavenrepo\repo\org\skyscreamer\jsonassert\1.5.0\jsonassert-1.5.0.jar;C:\java\DevelopTools\mavenrepo\repo\com\vaadin\external\google\android-json\0.0.20131108.vaadin1\android-json-0.0.20131108.vaadin1.jar;C:\java\DevelopTools\mavenrepo\repo\org\springframework\spring-core\5.0.5.RELEASE\spring-core-5.0.5.RELEASE.jar;C:\java\DevelopTools\mavenrepo\repo\org\springframework\spring-jcl\5.0.5.RELEASE\spring-jcl-5.0.5.RELEASE.jar;C:\java\DevelopTools\mavenrepo\repo\org\springframework\spring-test\5.0.5.RELEASE\spring-test-5.0.5.RELEASE.jar;C:\java\DevelopTools\mavenrepo\repo\org\xmlunit\xmlunit-core\2.5.1\xmlunit-core-2.5.1.jar;C:\java\DevelopTools\mavenrepo\repo\org\springframework\cloud\spring-cloud-starter-oauth2\2.0.1.RELEASE\spring-cloud-starter-oauth2-2.0.1.RELEASE.jar;C:\java\DevelopTools\mavenrepo\repo\org\springframework\cloud\spring-cloud-starter-security\2.0.1.RELEASE\spring-cloud-starter-security-2.0.1.RELEASE.jar;C:\java\DevelopTools\mavenrepo\repo\org\springframework\cloud\spring-cloud-starter\2.0.2.RELEASE\spring-cloud-starter-2.0.2.RELEASE.jar;C:\java\DevelopTools\mavenrepo\repo\org\springframework\cloud\spring-cloud-context\2.0.2.RELEASE\spring-cloud-context-2.0.2.RELEASE.jar;C:\java\DevelopTools\mavenrepo\repo\org\springframework\security\spring-security-crypto\5.0.4.RELEASE\spring-security-crypto-5.0.4.RELEASE.jar;C:\java\DevelopTools\mavenrepo\repo\org\springframework\cloud\spring-cloud-commons\2.0.2.RELEASE\spring-cloud-commons-2.0.2.RELEASE.jar;C:\java\DevelopTools\mavenrepo\repo\org\springframework\security\spring-security-rsa\1.0.7.RELEASE\spring-security-rsa-1.0.7.RELEASE.jar;C:\java\DevelopTools\mavenrepo\repo\org\springframework\boot\spring-boot-starter-actuator\2.0.1.RELEASE\spring-boot-starter-actuator-2.0.1.RELEASE.jar;C:\java\DevelopTools\mavenrepo\repo\org\springframework\boot\spring-boot-actuator-autoconfigure\2.0.1.RELEASE\spring-boot-actuator-autoconfigure-2.0.1.RELEASE.jar;C:\java\DevelopTools\mavenrepo\repo\org\springframework\boot\spring-boot-actuator\2.0.1.RELEASE\spring-boot-actuator-2.0.1.RELEASE.jar;C:\java\DevelopTools\mavenrepo\repo\io\micrometer\micrometer-core\1.0.3\micrometer-core-1.0.3.jar;C:\java\DevelopTools\mavenrepo\repo\org\hdrhistogram\HdrHistogram\2.1.10\HdrHistogram-2.1.10.jar;C:\java\DevelopTools\mavenrepo\repo\org\latencyutils\LatencyUtils\2.0.3\LatencyUtils-2.0.3.jar;C:\java\DevelopTools\mavenrepo\repo\org\springframework\cloud\spring-cloud-security\2.0.1.RELEASE\spring-cloud-security-2.0.1.RELEASE.jar;C:\java\DevelopTools\mavenrepo\repo\org\springframework\boot\spring-boot-starter-security\2.0.1.RELEASE\spring-boot-starter-security-2.0.1.RELEASE.jar;C:\java\DevelopTools\mavenrepo\repo\org\springframework\security\oauth\boot\spring-security-oauth2-autoconfigure\2.0.1.RELEASE\spring-security-oauth2-autoconfigure-2.0.1.RELEASE.jar;C:\java\DevelopTools\mavenrepo\repo\com\fasterxml\jackson\core\jackson-annotations\2.9.0\jackson-annotations-2.9.0.jar;C:\java\DevelopTools\mavenrepo\repo\org\springframework\security\oauth\spring-security-oauth2\2.2.1.RELEASE\spring-security-oauth2-2.2.1.RELEASE.jar;C:\java\DevelopTools\mavenrepo\repo\org\springframework\security\spring-security-core\5.0.4.RELEASE\spring-security-core-5.0.4.RELEASE.jar;C:\java\DevelopTools\mavenrepo\repo\org\springframework\security\spring-security-config\5.0.4.RELEASE\spring-security-config-5.0.4.RELEASE.jar;C:\java\DevelopTools\mavenrepo\repo\org\springframework\security\spring-security-web\5.0.4.RELEASE\spring-security-web-5.0.4.RELEASE.jar;C:\java\DevelopTools\mavenrepo\repo\commons-codec\commons-codec\1.11\commons-codec-1.11.jar;C:\java\DevelopTools\mavenrepo\repo\org\codehaus\jackson\jackson-mapper-asl\1.9.13\jackson-mapper-asl-1.9.13.jar;C:\java\DevelopTools\mavenrepo\repo\org\codehaus\jackson\jackson-core-asl\1.9.13\jackson-core-asl-1.9.13.jar;C:\java\DevelopTools\mavenrepo\repo\org\springframework\security\spring-security-jwt\1.0.9.RELEASE\spring-security-jwt-1.0.9.RELEASE.jar;C:\java\DevelopTools\mavenrepo\repo\org\bouncycastle\bcpkix-jdk15on\1.56\bcpkix-jdk15on-1.56.jar;C:\java\DevelopTools\mavenrepo\repo\org\bouncycastle\bcprov-jdk15on\1.56\bcprov-jdk15on-1.56.jar;C:\java\DevelopTools\mavenrepo\repo\com\alibaba\druid\1.1.10\druid-1.1.10.jar;C:\java\DevelopTools\mavenrepo\repo\org\springframework\boot\spring-boot-starter-jdbc\2.0.1.RELEASE\spring-boot-starter-jdbc-2.0.1.RELEASE.jar;C:\java\DevelopTools\mavenrepo\repo\com\zaxxer\HikariCP\2.7.8\HikariCP-2.7.8.jar;C:\java\DevelopTools\mavenrepo\repo\org\springframework\spring-jdbc\5.0.5.RELEASE\spring-jdbc-5.0.5.RELEASE.jar;C:\java\DevelopTools\mavenrepo\repo\org\springframework\spring-tx\5.0.5.RELEASE\spring-tx-5.0.5.RELEASE.jar;C:\java\DevelopTools\mavenrepo\repo\mysql\mysql-connector-java\5.1.46\mysql-connector-java-5.1.46.jar;C:\java\DevelopTools\mavenrepo\repo\org\springframework\boot\spring-boot-configuration-processor\2.0.1.RELEASE\spring-boot-configuration-processor-2.0.1.RELEASE.jar;"/>
    <property name="sun.cpu.endian" value="little"/>
    <property name="user.home" value="C:\Users\zK1ys"/>
    <property name="user.language" value="zh"/>
    <property name="java.specification.vendor" value="Oracle Corporation"/>
    <property name="java.home" value="C:\Program Files\Java\jdk1.8.0_191\jre"/>
    <property name="basedir" value="C:\java\LearningCode\springboot-blog-project-master\springboot-blog-project-oauth2"/>
    <property name="style.color" value="always"/>
    <property name="file.separator" value="\"/>
    <property name="line.separator" value="&#10;"/>
    <property name="java.vm.specification.vendor" value="Oracle Corporation"/>
    <property name="java.specification.name" value="Java Platform API Specification"/>
    <property name="java.awt.graphicsenv" value="sun.awt.Win32GraphicsEnvironment"/>
    <property name="surefire.real.class.path" value="C:\Users\zK1ys\AppData\Local\Temp\surefire1976250943682076478\surefirebooter5628998716769640413.jar"/>
    <property name="sun.boot.class.path" value="C:\Program Files\Java\jdk1.8.0_191\jre\lib\resources.jar;C:\Program Files\Java\jdk1.8.0_191\jre\lib\rt.jar;C:\Program Files\Java\jdk1.8.0_191\jre\lib\sunrsasign.jar;C:\Program Files\Java\jdk1.8.0_191\jre\lib\jsse.jar;C:\Program Files\Java\jdk1.8.0_191\jre\lib\jce.jar;C:\Program Files\Java\jdk1.8.0_191\jre\lib\charsets.jar;C:\Program Files\Java\jdk1.8.0_191\jre\lib\jfr.jar;C:\Program Files\Java\jdk1.8.0_191\jre\classes"/>
    <property name="user.script" value=""/>
    <property name="sun.management.compiler" value="HotSpot 64-Bit Tiered Compilers"/>
    <property name="java.runtime.version" value="1.8.0_191-b12"/>
    <property name="user.name" value="zK1ys"/>
    <property name="path.separator" value=";"/>
    <property name="os.version" value="10.0"/>
    <property name="java.endorsed.dirs" value="C:\Program Files\Java\jdk1.8.0_191\jre\lib\endorsed"/>
    <property name="java.runtime.name" value="Java(TM) SE Runtime Environment"/>
    <property name="file.encoding" value="GBK"/>
    <property name="java.vm.name" value="Java HotSpot(TM) 64-Bit Server VM"/>
    <property name="localRepository" value="C:\java\DevelopTools\mavenrepo\repo"/>
    <property name="java.vendor.url.bug" value="http://bugreport.sun.com/bugreport/"/>
    <property name="java.io.tmpdir" value="C:\Users\zK1ys\AppData\Local\Temp\"/>
    <property name="java.version" value="1.8.0_191"/>
    <property name="user.dir" value="C:\java\LearningCode\springboot-blog-project-master\springboot-blog-project-oauth2"/>
    <property name="os.arch" value="amd64"/>
    <property name="java.vm.specification.name" value="Java Virtual Machine Specification"/>
    <property name="java.awt.printerjob" value="sun.awt.windows.WPrinterJob"/>
    <property name="sun.os.patch.level" value=""/>
    <property name="java.library.path" value="C:\Program Files\Java\jdk1.8.0_191\jre\bin;C:\Windows\Sun\Java\bin;C:\Windows\system32;C:\Windows;C:\Program Files\Java\jdk1.8.0_191\jre\bin;C:/Program Files/Java/jre1.8.0_191/bin/server;C:/Program Files/Java/jre1.8.0_191/bin;C:/Program Files/Java/jre1.8.0_191/lib/amd64;C:\java\DevelopTools\;C:\Program Files (x86)\Common Files\Oracle\Java\javapath;C:\Windows\system32;C:\Windows;C:\Windows\System32\Wbem;C:\Windows\System32\WindowsPowerShell\v1.0\;C:\Windows\System32\OpenSSH\;C:\Program Files (x86)\NVIDIA Corporation\PhysX\Common;C:\Program Files\TortoiseSVN\bin;&quot;%JAVA_HOME%\bin;%JAVA_HOME%\jre\bin;&quot;;C:\Users\zK1ys\AppData\Local\Microsoft\WindowsApps;;C:\java\DevelopTools\sts-4.2.2.RELEASE;;."/>
    <property name="java.vm.info" value="mixed mode"/>
    <property name="java.vendor" value="Oracle Corporation"/>
    <property name="java.vm.version" value="25.191-b12"/>
    <property name="java.ext.dirs" value="C:\Program Files\Java\jdk1.8.0_191\jre\lib\ext;C:\Windows\Sun\Java\lib\ext"/>
    <property name="sun.io.unicode.encoding" value="UnicodeLittle"/>
    <property name="java.class.version" value="52.0"/>
  </properties>
  <testcase name="testApp" classname="org.springboot.blog.project.oauth2.AppTest" time="0.001"/>
</testsuite>